2023-07-12 22:22:03.572 +08:00 [ERR] ERR500: Unknown column 'invmovestats.invMoveStatus' in 'where clause' @192.168.1.130:5001    at MySql.Data.MySqlClient.MySqlStream.ReadPacket()
   at MySql.Data.MySqlClient.NativeDriver.GetResult(Int32& affectedRow, Int64& insertedId)
   at MySql.Data.MySqlClient.Driver.GetResult(Int32 statementId, Int32& affectedRows, Int64& insertedId)
   at MySql.Data.MySqlClient.Driver.NextResult(Int32 statementId, Boolean force)
   at MySql.Data.MySqlClient.MySqlDataReader.NextResult()
   at MySql.Data.MySqlClient.MySqlCommand.ExecuteReader(CommandBehavior behavior)
   at MySql.Data.MySqlClient.MySqlCommand.ExecuteReader()
   at MySql.Data.MySqlClient.MySqlCommand.ExecuteScalar()
   at System.Data.Common.DbCommand.ExecuteScalarAsync(CancellationToken cancellationToken)
--- End of stack trace from previous location ---
   at Dapper.SqlMapper.ExecuteScalarImplAsync[T](IDbConnection cnn, CommandDefinition command) in /_/Dapper/SqlMapper.Async.cs:line 1210
   at aims_api.Repositories.Implementation.PagingRepository.GetPageDetail(IDbConnection db, String strQry, DynamicParameters param, Int32 pageNum, Int32 pageItem, Int32 rowCount) in E:\Mark\AIMS\aims_api-main\aims_api-main\aims_api.Repositories\Implementation\PagingRepository.cs:line 50
   at aims_api.Repositories.Implementation.InvMoveRepository.GetInvMoveSrchPageDetail(IDbConnection db, String searchKey, Int32 pageNum, Int32 pageItem, Int32 rowCount) in E:\Mark\AIMS\aims_api-main\aims_api-main\aims_api.Repositories\Implementation\InvMoveRepository.cs:line 306
   at aims_api.Repositories.Implementation.InvMoveRepository.GetInvMoveSrchPaged(String searchKey, Int32 pageNum, Int32 pageItem) in E:\Mark\AIMS\aims_api-main\aims_api-main\aims_api.Repositories\Implementation\InvMoveRepository.cs:line 274
   at aims_api.Cores.Implementation.InvMoveCore.GetInvMoveSpecial(InvMoveFilteredMdl filter, String searchKey, Int32 pageNum, Int32 pageItem) in E:\Mark\AIMS\aims_api-main\aims_api-main\aims_api.Cores\Implementation\InvMoveCore.cs:line 43
   at aims_api.API.Controllers.InvMoveController.GetInvMoveSpecial(InvMoveFilteredMdl filter, String searchKey, Int32 pageNum, Int32 pageItem) in E:\Mark\AIMS\aims_api-main\aims_api-main\aims_api.API\Controllers\InvMoveController.cs:line 27
2023-07-12 22:22:10.840 +08:00 [ERR] ERR500: Unknown column 'invmovestats.invMoveStatus' in 'where clause' @192.168.1.130:5001    at MySql.Data.MySqlClient.MySqlStream.ReadPacket()
   at MySql.Data.MySqlClient.NativeDriver.GetResult(Int32& affectedRow, Int64& insertedId)
   at MySql.Data.MySqlClient.Driver.GetResult(Int32 statementId, Int32& affectedRows, Int64& insertedId)
   at MySql.Data.MySqlClient.Driver.NextResult(Int32 statementId, Boolean force)
   at MySql.Data.MySqlClient.MySqlDataReader.NextResult()
   at MySql.Data.MySqlClient.MySqlCommand.ExecuteReader(CommandBehavior behavior)
   at MySql.Data.MySqlClient.MySqlCommand.ExecuteReader()
   at MySql.Data.MySqlClient.MySqlCommand.ExecuteScalar()
   at System.Data.Common.DbCommand.ExecuteScalarAsync(CancellationToken cancellationToken)
--- End of stack trace from previous location ---
   at Dapper.SqlMapper.ExecuteScalarImplAsync[T](IDbConnection cnn, CommandDefinition command) in /_/Dapper/SqlMapper.Async.cs:line 1210
   at aims_api.Repositories.Implementation.PagingRepository.GetPageDetail(IDbConnection db, String strQry, DynamicParameters param, Int32 pageNum, Int32 pageItem, Int32 rowCount) in E:\Mark\AIMS\aims_api-main\aims_api-main\aims_api.Repositories\Implementation\PagingRepository.cs:line 50
   at aims_api.Repositories.Implementation.InvMoveRepository.GetInvMoveSrchPageDetail(IDbConnection db, String searchKey, Int32 pageNum, Int32 pageItem, Int32 rowCount) in E:\Mark\AIMS\aims_api-main\aims_api-main\aims_api.Repositories\Implementation\InvMoveRepository.cs:line 306
   at aims_api.Repositories.Implementation.InvMoveRepository.GetInvMoveSrchPaged(String searchKey, Int32 pageNum, Int32 pageItem) in E:\Mark\AIMS\aims_api-main\aims_api-main\aims_api.Repositories\Implementation\InvMoveRepository.cs:line 274
   at aims_api.Cores.Implementation.InvMoveCore.GetInvMoveSpecial(InvMoveFilteredMdl filter, String searchKey, Int32 pageNum, Int32 pageItem) in E:\Mark\AIMS\aims_api-main\aims_api-main\aims_api.Cores\Implementation\InvMoveCore.cs:line 43
   at aims_api.API.Controllers.InvMoveController.GetInvMoveSpecial(InvMoveFilteredMdl filter, String searchKey, Int32 pageNum, Int32 pageItem) in E:\Mark\AIMS\aims_api-main\aims_api-main\aims_api.API\Controllers\InvMoveController.cs:line 27
