2023-05-15 23:52:35.541 +08:00 [ERR] ERR500: Column 'moduleId' cannot be null @192.168.1.146:5001    at MySql.Data.MySqlClient.MySqlStream.ReadPacket()
   at MySql.Data.MySqlClient.NativeDriver.GetResult(Int32& affectedRow, Int64& insertedId)
   at MySql.Data.MySqlClient.Driver.NextResult(Int32 statementId, Boolean force)
   at MySql.Data.MySqlClient.MySqlDataReader.NextResult()
   at MySql.Data.MySqlClient.MySqlCommand.ExecuteReader(CommandBehavior behavior)
   at MySql.Data.MySqlClient.MySqlCommand.ExecuteNonQuery()
   at System.Data.Common.DbCommand.ExecuteNonQueryAsync(CancellationToken cancellationToken)
--- End of stack trace from previous location ---
   at Dapper.SqlMapper.ExecuteImplAsync(IDbConnection cnn, CommandDefinition command, Object param) in /_/Dapper/SqlMapper.Async.cs:line 646
   at aims_api.Repositories.Implementation.AccessRightDetailRepository.CreateAccessRightDetail(IDbConnection db, IDbTransaction tran, String accessRightId, IEnumerable`1 details) in D:\Working Project\AIMS\SOURCE CODE\_git\aims_api\aims_api.Repositories\Implementation\AccessRightDetailRepository.cs:line 206
   at aims_api.Repositories.Implementation.AccessRightRepository.UpdateAccessRight(AccessRightModel accessRight, IEnumerable`1 details) in D:\Working Project\AIMS\SOURCE CODE\_git\aims_api\aims_api.Repositories\Implementation\AccessRightRepository.cs:line 334
   at aims_api.Cores.Implementation.AccessRightCore.UpdateAccessRight(AccessRightHDModel accessRightHD) in D:\Working Project\AIMS\SOURCE CODE\_git\aims_api\aims_api.Cores\Implementation\AccessRightCore.cs:line 154
   at aims_api.API.Controllers.AccessRightController.UpdateAccessRight(AccessRightHDModel accessRightHD) in D:\Working Project\AIMS\SOURCE CODE\_git\aims_api\aims_api.API\Controllers\AccessRightController.cs:line 198
2023-05-15 23:52:56.745 +08:00 [ERR] ERR500: Column 'moduleId' cannot be null @192.168.1.146:5001    at MySql.Data.MySqlClient.MySqlStream.ReadPacket()
   at MySql.Data.MySqlClient.NativeDriver.GetResult(Int32& affectedRow, Int64& insertedId)
   at MySql.Data.MySqlClient.Driver.NextResult(Int32 statementId, Boolean force)
   at MySql.Data.MySqlClient.MySqlDataReader.NextResult()
   at MySql.Data.MySqlClient.MySqlCommand.ExecuteReader(CommandBehavior behavior)
   at MySql.Data.MySqlClient.MySqlCommand.ExecuteNonQuery()
   at System.Data.Common.DbCommand.ExecuteNonQueryAsync(CancellationToken cancellationToken)
--- End of stack trace from previous location ---
   at Dapper.SqlMapper.ExecuteImplAsync(IDbConnection cnn, CommandDefinition command, Object param) in /_/Dapper/SqlMapper.Async.cs:line 646
   at aims_api.Repositories.Implementation.AccessRightDetailRepository.CreateAccessRightDetail(IDbConnection db, IDbTransaction tran, String accessRightId, IEnumerable`1 details) in D:\Working Project\AIMS\SOURCE CODE\_git\aims_api\aims_api.Repositories\Implementation\AccessRightDetailRepository.cs:line 206
   at aims_api.Repositories.Implementation.AccessRightRepository.UpdateAccessRight(AccessRightModel accessRight, IEnumerable`1 details) in D:\Working Project\AIMS\SOURCE CODE\_git\aims_api\aims_api.Repositories\Implementation\AccessRightRepository.cs:line 334
   at aims_api.Cores.Implementation.AccessRightCore.UpdateAccessRight(AccessRightHDModel accessRightHD) in D:\Working Project\AIMS\SOURCE CODE\_git\aims_api\aims_api.Cores\Implementation\AccessRightCore.cs:line 154
   at aims_api.API.Controllers.AccessRightController.UpdateAccessRight(AccessRightHDModel accessRightHD) in D:\Working Project\AIMS\SOURCE CODE\_git\aims_api\aims_api.API\Controllers\AccessRightController.cs:line 198
