2023-07-13 21:55:19.165 +08:00 [ERR] ERR500: Column 'invAdjustStatusId' in where clause is ambiguous @192.168.1.130:5001    at MySql.Data.MySqlClient.MySqlStream.ReadPacket()
   at MySql.Data.MySqlClient.NativeDriver.GetResult(Int32& affectedRow, Int64& insertedId)
   at MySql.Data.MySqlClient.Driver.NextResult(Int32 statementId, Boolean force)
   at MySql.Data.MySqlClient.MySqlDataReader.NextResult()
   at MySql.Data.MySqlClient.MySqlCommand.ExecuteReader(CommandBehavior behavior)
   at System.Data.Common.DbCommand.ExecuteDbDataReaderAsync(CommandBehavior behavior, CancellationToken cancellationToken)
--- End of stack trace from previous location ---
   at Dapper.SqlMapper.QueryAsync[T](IDbConnection cnn, Type effectiveType, CommandDefinition command) in /_/Dapper/SqlMapper.Async.cs:line 418
   at aims_api.Repositories.Implementation.InvAdjustRepository.GetInvAdjustFilteredPaged(InvAdjustFilteredMdl filter, Int32 pageNum, Int32 pageItem) in E:\Mark\AIMS\aims_api-main\aims_api-main\aims_api.Repositories\Implementation\InvAdjustRepository.cs:line 467
   at aims_api.Cores.Implementation.InvAdjustCore.GetInvAdjustSpecial(InvAdjustFilteredMdl filter, String searchKey, Int32 pageNum, Int32 pageItem) in E:\Mark\AIMS\aims_api-main\aims_api-main\aims_api.Cores\Implementation\InvAdjustCore.cs:line 154
   at aims_api.API.Controllers.InvAdjustController.GetInvAdjustSpecial(InvAdjustFilteredMdl filter, String searchKey, Int32 pageNum, Int32 pageItem) in E:\Mark\AIMS\aims_api-main\aims_api-main\aims_api.API\Controllers\InvAdjustController.cs:line 30
2023-07-13 21:55:43.819 +08:00 [ERR] ERR500: Unknown column 'invadjuststats.invAdjustStatus' in 'where clause' @192.168.1.130:5001    at MySql.Data.MySqlClient.MySqlStream.ReadPacket()
   at MySql.Data.MySqlClient.NativeDriver.GetResult(Int32& affectedRow, Int64& insertedId)
   at MySql.Data.MySqlClient.Driver.NextResult(Int32 statementId, Boolean force)
   at MySql.Data.MySqlClient.MySqlDataReader.NextResult()
   at MySql.Data.MySqlClient.MySqlCommand.ExecuteReader(CommandBehavior behavior)
   at MySql.Data.MySqlClient.MySqlCommand.ExecuteScalar()
   at System.Data.Common.DbCommand.ExecuteScalarAsync(CancellationToken cancellationToken)
--- End of stack trace from previous location ---
   at Dapper.SqlMapper.ExecuteScalarImplAsync[T](IDbConnection cnn, CommandDefinition command) in /_/Dapper/SqlMapper.Async.cs:line 1219
   at aims_api.Repositories.Implementation.PagingRepository.GetPageDetail(IDbConnection db, String strQry, DynamicParameters param, Int32 pageNum, Int32 pageItem, Int32 rowCount) in E:\Mark\AIMS\aims_api-main\aims_api-main\aims_api.Repositories\Implementation\PagingRepository.cs:line 50
   at aims_api.Repositories.Implementation.InvAdjustRepository.GetInvAdjustSrchPageDetail(IDbConnection db, String searchKey, Int32 pageNum, Int32 pageItem, Int32 rowCount) in E:\Mark\AIMS\aims_api-main\aims_api-main\aims_api.Repositories\Implementation\InvAdjustRepository.cs:line 692
   at aims_api.Repositories.Implementation.InvAdjustRepository.GetInvAdjustSrchPaged(String searchKey, Int32 pageNum, Int32 pageItem) in E:\Mark\AIMS\aims_api-main\aims_api-main\aims_api.Repositories\Implementation\InvAdjustRepository.cs:line 658
   at aims_api.Cores.Implementation.InvAdjustCore.GetInvAdjustSpecial(InvAdjustFilteredMdl filter, String searchKey, Int32 pageNum, Int32 pageItem) in E:\Mark\AIMS\aims_api-main\aims_api-main\aims_api.Cores\Implementation\InvAdjustCore.cs:line 161
   at aims_api.API.Controllers.InvAdjustController.GetInvAdjustSpecial(InvAdjustFilteredMdl filter, String searchKey, Int32 pageNum, Int32 pageItem) in E:\Mark\AIMS\aims_api-main\aims_api-main\aims_api.API\Controllers\InvAdjustController.cs:line 30
