2023-05-13 12:27:14.127 +08:00 [ERR] ERR500: Authentication to host 'localhost' for user 'root' using method 'mysql_native_password' failed with message: Access denied for user 'root'@'localhost' (using password: YES) @192.168.1.146:5001    at MySql.Data.MySqlClient.Authentication.MySqlAuthenticationPlugin.AuthenticationFailed(Exception ex)
   at MySql.Data.MySqlClient.Authentication.MySqlAuthenticationPlugin.ReadPacket()
   at MySql.Data.MySqlClient.Authentication.MySqlAuthenticationPlugin.Authenticate(Boolean reset)
   at MySql.Data.MySqlClient.NativeDriver.Open()
   at MySql.Data.MySqlClient.Driver.Open()
   at MySql.Data.MySqlClient.Driver.Create(MySqlConnectionStringBuilder settings)
   at MySql.Data.MySqlClient.MySqlPool.CreateNewPooledConnection()
   at MySql.Data.MySqlClient.MySqlPool.GetPooledConnection()
   at MySql.Data.MySqlClient.MySqlPool.TryToGetDriver()
   at MySql.Data.MySqlClient.MySqlPool.GetConnection()
   at MySql.Data.MySqlClient.MySqlConnection.Open()
   at aims_api.Repositories.Implementation.UserAccountRepository.GetUserAccWithPassById(String userAccountId) in D:\Working Project\AIMS\SOURCE CODE\_git\aims_api\aims_api.Repositories\Implementation\UserAccountRepository.cs:line 328
   at aims_api.Repositories.Implementation.UserAccountRepository.UserAccountValidationWeb(LoginCredentailsModel account) in D:\Working Project\AIMS\SOURCE CODE\_git\aims_api\aims_api.Repositories\Implementation\UserAccountRepository.cs:line 765
   at aims_api.Cores.Implementation.UserAccountCore.UserAccountValidationWeb(LoginCredentailsModel account) in D:\Working Project\AIMS\SOURCE CODE\_git\aims_api\aims_api.Cores\Implementation\UserAccountCore.cs:line 245
   at aims_api.API.Controllers.UserAccountController.UserAccountValidationWeb(LoginCredentailsModel account) in D:\Working Project\AIMS\SOURCE CODE\_git\aims_api\aims_api.API\Controllers\UserAccountController.cs:line 419
2023-05-13 12:27:35.854 +08:00 [ERR] ERR500: Authentication to host 'localhost' for user 'root' using method 'mysql_native_password' failed with message: Access denied for user 'root'@'localhost' (using password: YES) @192.168.1.146:5001    at MySql.Data.MySqlClient.Authentication.MySqlAuthenticationPlugin.AuthenticationFailed(Exception ex)
   at MySql.Data.MySqlClient.Authentication.MySqlAuthenticationPlugin.ReadPacket()
   at MySql.Data.MySqlClient.Authentication.MySqlAuthenticationPlugin.Authenticate(Boolean reset)
   at MySql.Data.MySqlClient.NativeDriver.Open()
   at MySql.Data.MySqlClient.Driver.Open()
   at MySql.Data.MySqlClient.Driver.Create(MySqlConnectionStringBuilder settings)
   at MySql.Data.MySqlClient.MySqlPool.CreateNewPooledConnection()
   at MySql.Data.MySqlClient.MySqlPool.GetPooledConnection()
   at MySql.Data.MySqlClient.MySqlPool.TryToGetDriver()
   at MySql.Data.MySqlClient.MySqlPool.GetConnection()
   at MySql.Data.MySqlClient.MySqlConnection.Open()
   at aims_api.Repositories.Implementation.UserAccountRepository.GetUserAccWithPassById(String userAccountId) in D:\Working Project\AIMS\SOURCE CODE\_git\aims_api\aims_api.Repositories\Implementation\UserAccountRepository.cs:line 328
   at aims_api.Repositories.Implementation.UserAccountRepository.UserAccountValidationWeb(LoginCredentailsModel account) in D:\Working Project\AIMS\SOURCE CODE\_git\aims_api\aims_api.Repositories\Implementation\UserAccountRepository.cs:line 765
   at aims_api.Cores.Implementation.UserAccountCore.UserAccountValidationWeb(LoginCredentailsModel account) in D:\Working Project\AIMS\SOURCE CODE\_git\aims_api\aims_api.Cores\Implementation\UserAccountCore.cs:line 245
   at aims_api.API.Controllers.UserAccountController.UserAccountValidationWeb(LoginCredentailsModel account) in D:\Working Project\AIMS\SOURCE CODE\_git\aims_api\aims_api.API\Controllers\UserAccountController.cs:line 419
2023-05-13 12:27:57.298 +08:00 [ERR] ERR500: Authentication to host 'localhost' for user 'root' using method 'mysql_native_password' failed with message: Access denied for user 'root'@'localhost' (using password: YES) @192.168.1.146:5001    at MySql.Data.MySqlClient.Authentication.MySqlAuthenticationPlugin.AuthenticationFailed(Exception ex)
   at MySql.Data.MySqlClient.Authentication.MySqlAuthenticationPlugin.ReadPacket()
   at MySql.Data.MySqlClient.Authentication.MySqlAuthenticationPlugin.Authenticate(Boolean reset)
   at MySql.Data.MySqlClient.NativeDriver.Open()
   at MySql.Data.MySqlClient.Driver.Open()
   at MySql.Data.MySqlClient.Driver.Create(MySqlConnectionStringBuilder settings)
   at MySql.Data.MySqlClient.MySqlPool.CreateNewPooledConnection()
   at MySql.Data.MySqlClient.MySqlPool.GetPooledConnection()
   at MySql.Data.MySqlClient.MySqlPool.TryToGetDriver()
   at MySql.Data.MySqlClient.MySqlPool.GetConnection()
   at MySql.Data.MySqlClient.MySqlConnection.Open()
   at aims_api.Repositories.Implementation.UserAccountRepository.GetUserAccWithPassById(String userAccountId) in D:\Working Project\AIMS\SOURCE CODE\_git\aims_api\aims_api.Repositories\Implementation\UserAccountRepository.cs:line 328
   at aims_api.Repositories.Implementation.UserAccountRepository.UserAccountValidationWeb(LoginCredentailsModel account) in D:\Working Project\AIMS\SOURCE CODE\_git\aims_api\aims_api.Repositories\Implementation\UserAccountRepository.cs:line 765
   at aims_api.Cores.Implementation.UserAccountCore.UserAccountValidationWeb(LoginCredentailsModel account) in D:\Working Project\AIMS\SOURCE CODE\_git\aims_api\aims_api.Cores\Implementation\UserAccountCore.cs:line 245
   at aims_api.API.Controllers.UserAccountController.UserAccountValidationWeb(LoginCredentailsModel account) in D:\Working Project\AIMS\SOURCE CODE\_git\aims_api\aims_api.API\Controllers\UserAccountController.cs:line 419
